<?xml version="1.0" encoding="UTF-8"?>
<!-- Generated by org.testng.reporters.JUnitXMLReporter -->
<testsuite hostname="EQ-EQ6330754" ignored="0" name="Test5" tests="2" failures="1" timestamp="28 Aug 2020 11:08:03 GMT" time="6.306" errors="0">
  <testcase name="@BeforeMethod Init" time="5.919" classname="TestCases.ISTrackERSDirectOrderProcessingAMTestCase">
    <failure type="org.openqa.selenium.SessionNotCreatedException" message="session not created: This version of MSEdgeDriver only supports MSEdge version 86
Current browser version is 84.0.522.63 with binary path C:\Program Files (x86)\Microsoft\Edge\Application\msedge.exe
Build info: version: &amp;apos;3.10.0&amp;apos;, revision: &amp;apos;176b4a9&amp;apos;, time: &amp;apos;2018-03-02T19:03:16.397Z&amp;apos;
System info: host: &amp;apos;EQ-EQ6330754&amp;apos;, ip: &amp;apos;10.238.170.67&amp;apos;, os.name: &amp;apos;Windows 10&amp;apos;, os.arch: &amp;apos;amd64&amp;apos;, os.version: &amp;apos;10.0&amp;apos;, java.version: &amp;apos;1.8.0_131&amp;apos;
Driver info: driver.version: EdgeDriver
remote stacktrace: Backtrace:
	Ordinal0 [0x00007FF73F651312+4133650]
	Ordinal0 [0x00007FF73F52A7B9+2926521]
	Ordinal0 [0x00007FF73F3934C7+1258695]
	Ordinal0 [0x00007FF73F2E5C22+547874]
	Ordinal0 [0x00007FF73F2E0FD8+528344]
	Ordinal0 [0x00007FF73F2DC571+509297]
	Ordinal0 [0x00007FF73F30E2F6+713462]
	Ordinal0 [0x00007FF73F30C63F+706111]
	Ordinal0 [0x00007FF73F2E86E3+558819]
	Ordinal0 [0x00007FF73F2E947B+562299]
	Ordinal0 [0x00007FF73F547A4D+3045965]
	GetHandleVerifier [0x00007FF73F798119+1215737]
	GetHandleVerifier [0x00007FF73F7A9EB1+1288849]
	GetHandleVerifier [0x00007FF73F798AA9+1218185]
	Ordinal0 [0x00007FF73F53AEC1+2993857]
	Ordinal0 [0x00007FF73F549929+3053865]
	Ordinal0 [0x00007FF73F55EBF7+3140599]
	BaseThreadInitThunk [0x00007FFF335237E4+20]
	RtlUserThreadStart [0x00007FFF3573CB61+33]
">
      <![CDATA[org.openqa.selenium.SessionNotCreatedException: session not created: This version of MSEdgeDriver only supports MSEdge version 86
Current browser version is 84.0.522.63 with binary path C:\Program Files (x86)\Microsoft\Edge\Application\msedge.exe
Build info: version: '3.10.0', revision: '176b4a9', time: '2018-03-02T19:03:16.397Z'
System info: host: 'EQ-EQ6330754', ip: '10.238.170.67', os.name: 'Windows 10', os.arch: 'amd64', os.version: '10.0', java.version: '1.8.0_131'
Driver info: driver.version: EdgeDriver
remote stacktrace: Backtrace:
Ordinal0 [0x00007FF73F651312+4133650]
Ordinal0 [0x00007FF73F52A7B9+2926521]
Ordinal0 [0x00007FF73F3934C7+1258695]
Ordinal0 [0x00007FF73F2E5C22+547874]
Ordinal0 [0x00007FF73F2E0FD8+528344]
Ordinal0 [0x00007FF73F2DC571+509297]
Ordinal0 [0x00007FF73F30E2F6+713462]
Ordinal0 [0x00007FF73F30C63F+706111]
Ordinal0 [0x00007FF73F2E86E3+558819]
Ordinal0 [0x00007FF73F2E947B+562299]
Ordinal0 [0x00007FF73F547A4D+3045965]
GetHandleVerifier [0x00007FF73F798119+1215737]
GetHandleVerifier [0x00007FF73F7A9EB1+1288849]
GetHandleVerifier [0x00007FF73F798AA9+1218185]
Ordinal0 [0x00007FF73F53AEC1+2993857]
Ordinal0 [0x00007FF73F549929+3053865]
Ordinal0 [0x00007FF73F55EBF7+3140599]
BaseThreadInitThunk [0x00007FFF335237E4+20]
RtlUserThreadStart [0x00007FFF3573CB61+33]

at org.openqa.selenium.remote.W3CHandshakeResponse.lambda$new$0(W3CHandshakeResponse.java:57)
at org.openqa.selenium.remote.W3CHandshakeResponse.lambda$getResponseFunction$2(W3CHandshakeResponse.java:104)
at org.openqa.selenium.remote.ProtocolHandshake.lambda$createSession$0(ProtocolHandshake.java:123)
at java.util.stream.ReferencePipeline$3$1.accept(ReferencePipeline.java:193)
at java.util.Spliterators$ArraySpliterator.tryAdvance(Spliterators.java:958)
at java.util.stream.ReferencePipeline.forEachWithCancel(ReferencePipeline.java:126)
at java.util.stream.AbstractPipeline.copyIntoWithCancel(AbstractPipeline.java:498)
at java.util.stream.AbstractPipeline.copyInto(AbstractPipeline.java:485)
at java.util.stream.AbstractPipeline.wrapAndCopyInto(AbstractPipeline.java:471)
at java.util.stream.FindOps$FindOp.evaluateSequential(FindOps.java:152)
at java.util.stream.AbstractPipeline.evaluate(AbstractPipeline.java:234)
at java.util.stream.ReferencePipeline.findFirst(ReferencePipeline.java:464)
at org.openqa.selenium.remote.ProtocolHandshake.createSession(ProtocolHandshake.java:126)
at org.openqa.selenium.remote.ProtocolHandshake.createSession(ProtocolHandshake.java:73)
at org.openqa.selenium.remote.HttpCommandExecutor.execute(HttpCommandExecutor.java:138)
at org.openqa.selenium.remote.service.DriverCommandExecutor.execute(DriverCommandExecutor.java:83)
at org.openqa.selenium.remote.RemoteWebDriver.execute(RemoteWebDriver.java:601)
at org.openqa.selenium.remote.RemoteWebDriver.startSession(RemoteWebDriver.java:219)
at org.openqa.selenium.remote.RemoteWebDriver.<init>(RemoteWebDriver.java:142)
at org.openqa.selenium.edge.EdgeDriver.<init>(EdgeDriver.java:141)
at org.openqa.selenium.edge.EdgeDriver.<init>(EdgeDriver.java:96)
at themis.TestBase.TestBase.initialization(TestBase.java:179)
at TestCases.ISTrackERSDirectOrderProcessingAMTestCase.Init(ISTrackERSDirectOrderProcessingAMTestCase.java:81)
... Removed 32 stack frames]]>
    </failure>
  </testcase> <!-- @BeforeMethod Init -->
  <testcase name="newCaseGeneration" time="0.0" classname="TestCases.ISTrackERSDirectOrderProcessingAMTestCase">
    <skipped/>
  </testcase> <!-- newCaseGeneration -->
  <testcase name="newCaseGeneration" time="6.266" classname="TestCases.ISTrackERSDirectOrderProcessingAMTestCase">
    <failure type="java.lang.NullPointerException">
      <![CDATA[java.lang.NullPointerException
at themis.Report.TestListener.onTestSkipped(TestListener.java:104)
... Removed 23 stack frames]]>
    </failure>
  </testcase> <!-- newCaseGeneration -->
</testsuite> <!-- Test5 -->
