<?xml version="1.0" encoding="UTF-8"?>
<!-- Generated by org.testng.reporters.JUnitXMLReporter -->
<testsuite ignored="0" hostname="KhagendraP-LP" failures="1" tests="3" name="Test6" time="212.141" errors="0" timestamp="2021-04-27T21:26:54 IST">
  <testcase classname="TestCases.ISTrackOCDServicesAMTestCase" name="@BeforeMethod init" time="6.728">
    <failure type="org.openqa.selenium.WebDriverException" message="Failed to decode response from marionette
Build info: version: &amp;apos;3.10.0&amp;apos;, revision: &amp;apos;176b4a9&amp;apos;, time: &amp;apos;2018-03-02T19:03:16.397Z&amp;apos;
System info: host: &amp;apos;KHAGENDRAP-LP&amp;apos;, ip: &amp;apos;10.225.6.190&amp;apos;, os.name: &amp;apos;Windows 10&amp;apos;, os.arch: &amp;apos;amd64&amp;apos;, os.version: &amp;apos;10.0&amp;apos;, java.version: &amp;apos;15.0.2&amp;apos;
Driver info: driver.version: FirefoxDriver
remote stacktrace: ">
      <![CDATA[org.openqa.selenium.WebDriverException: Failed to decode response from marionette
Build info: version: '3.10.0', revision: '176b4a9', time: '2018-03-02T19:03:16.397Z'
System info: host: 'KHAGENDRAP-LP', ip: '10.225.6.190', os.name: 'Windows 10', os.arch: 'amd64', os.version: '10.0', java.version: '15.0.2'
Driver info: driver.version: FirefoxDriver
remote stacktrace: 
at org.openqa.selenium.remote.W3CHandshakeResponse.lambda$new$0(W3CHandshakeResponse.java:57)
at org.openqa.selenium.remote.W3CHandshakeResponse.lambda$getResponseFunction$2(W3CHandshakeResponse.java:104)
at org.openqa.selenium.remote.ProtocolHandshake.lambda$createSession$0(ProtocolHandshake.java:123)
at java.base/java.util.stream.ReferencePipeline$3$1.accept(ReferencePipeline.java:195)
at java.base/java.util.Spliterators$ArraySpliterator.tryAdvance(Spliterators.java:958)
at java.base/java.util.stream.ReferencePipeline.forEachWithCancel(ReferencePipeline.java:127)
at java.base/java.util.stream.AbstractPipeline.copyIntoWithCancel(AbstractPipeline.java:502)
at java.base/java.util.stream.AbstractPipeline.copyInto(AbstractPipeline.java:488)
at java.base/java.util.stream.AbstractPipeline.wrapAndCopyInto(AbstractPipeline.java:474)
at java.base/java.util.stream.FindOps$FindOp.evaluateSequential(FindOps.java:150)
at java.base/java.util.stream.AbstractPipeline.evaluate(AbstractPipeline.java:234)
at java.base/java.util.stream.ReferencePipeline.findFirst(ReferencePipeline.java:543)
at org.openqa.selenium.remote.ProtocolHandshake.createSession(ProtocolHandshake.java:126)
at org.openqa.selenium.remote.ProtocolHandshake.createSession(ProtocolHandshake.java:73)
at org.openqa.selenium.remote.HttpCommandExecutor.execute(HttpCommandExecutor.java:138)
at org.openqa.selenium.remote.service.DriverCommandExecutor.execute(DriverCommandExecutor.java:83)
at org.openqa.selenium.remote.RemoteWebDriver.execute(RemoteWebDriver.java:601)
at org.openqa.selenium.remote.RemoteWebDriver.startSession(RemoteWebDriver.java:219)
at org.openqa.selenium.remote.RemoteWebDriver.<init>(RemoteWebDriver.java:142)
at org.openqa.selenium.firefox.FirefoxDriver.<init>(FirefoxDriver.java:120)
at org.openqa.selenium.firefox.FirefoxDriver.<init>(FirefoxDriver.java:106)
at themis.TestBase.TestBase.initialization(TestBase.java:140)
at TestCases.ISTrackOCDServicesAMTestCase.init(ISTrackOCDServicesAMTestCase.java:83)
at java.base/java.util.ArrayList.forEach(ArrayList.java:1511)
... Removed 36 stack frames]]>
    </failure>
  </testcase> <!-- @BeforeMethod init -->
  <testcase classname="TestCases.ISTrackOCDServicesAMTestCase" name="@AfterMethod TearDown" time="-1.619539014772E9">
    <skipped/>
  </testcase> <!-- @AfterMethod TearDown -->
  <testcase classname="TestCases.ISTrackOCDServicesAMTestCase" name="@BeforeMethod init" time="-1.619539014774E9">
    <skipped/>
  </testcase> <!-- @BeforeMethod init -->
  <testcase classname="TestCases.ISTrackOCDServicesAMTestCase" name="@AfterMethod TearDown" time="-1.619539014781E9">
    <skipped/>
  </testcase> <!-- @AfterMethod TearDown -->
  <testcase classname="TestCases.ISTrackOCDServicesAMTestCase" name="newCaseGeneration" time="197.134">
    <failure type="org.openqa.selenium.ElementNotInteractableException" message="Element &amp;lt;button class=&amp;quot;Strong pzhc pzbutton&amp;quot; name=&amp;quot;AllCaseWorkList_pyDisplayHarness_179&amp;quot; type=&amp;quot;button&amp;quot;&amp;gt; could not be scrolled into view
Build info: version: &amp;apos;3.10.0&amp;apos;, revision: &amp;apos;176b4a9&amp;apos;, time: &amp;apos;2018-03-02T19:03:16.397Z&amp;apos;
System info: host: &amp;apos;KHAGENDRAP-LP&amp;apos;, ip: &amp;apos;10.225.6.190&amp;apos;, os.name: &amp;apos;Windows 10&amp;apos;, os.arch: &amp;apos;amd64&amp;apos;, os.version: &amp;apos;10.0&amp;apos;, java.version: &amp;apos;15.0.2&amp;apos;
Driver info: org.openqa.selenium.firefox.FirefoxDriver
Capabilities {acceptInsecureCerts: true, browserName: firefox, browserVersion: 78.8.0, javascriptEnabled: true, moz:accessibilityChecks: false, moz:buildID: 20210217034806, moz:geckodriverVersion: 0.24.0, moz:headless: false, moz:processID: 11216, moz:profile: C:\Users\khagendra.prasad\A..., moz:shutdownTimeout: 60000, moz:useNonSpecCompliantPointerOrigin: false, moz:webdriverClick: true, pageLoadStrategy: normal, platform: WINDOWS, platformName: WINDOWS, platformVersion: 10.0, rotatable: false, setWindowRect: true, strictFileInteractability: false, timeouts: {implicit: 0, pageLoad: 300000, script: 30000}, unhandledPromptBehavior: dismiss and notify}
Session ID: d732e87a-0f3c-48dd-bb47-09c34ace8080">
      <![CDATA[org.openqa.selenium.ElementNotInteractableException: Element <button class="Strong pzhc pzbutton" name="AllCaseWorkList_pyDisplayHarness_179" type="button"> could not be scrolled into view
Build info: version: '3.10.0', revision: '176b4a9', time: '2018-03-02T19:03:16.397Z'
System info: host: 'KHAGENDRAP-LP', ip: '10.225.6.190', os.name: 'Windows 10', os.arch: 'amd64', os.version: '10.0', java.version: '15.0.2'
Driver info: org.openqa.selenium.firefox.FirefoxDriver
Capabilities {acceptInsecureCerts: true, browserName: firefox, browserVersion: 78.8.0, javascriptEnabled: true, moz:accessibilityChecks: false, moz:buildID: 20210217034806, moz:geckodriverVersion: 0.24.0, moz:headless: false, moz:processID: 11216, moz:profile: C:\Users\khagendra.prasad\A..., moz:shutdownTimeout: 60000, moz:useNonSpecCompliantPointerOrigin: false, moz:webdriverClick: true, pageLoadStrategy: normal, platform: WINDOWS, platformName: WINDOWS, platformVersion: 10.0, rotatable: false, setWindowRect: true, strictFileInteractability: false, timeouts: {implicit: 0, pageLoad: 300000, script: 30000}, unhandledPromptBehavior: dismiss and notify}
Session ID: d732e87a-0f3c-48dd-bb47-09c34ace8080
at org.openqa.selenium.remote.http.W3CHttpResponseCodec.createException(W3CHttpResponseCodec.java:187)
at org.openqa.selenium.remote.http.W3CHttpResponseCodec.decode(W3CHttpResponseCodec.java:122)
at org.openqa.selenium.remote.http.W3CHttpResponseCodec.decode(W3CHttpResponseCodec.java:49)
at org.openqa.selenium.remote.HttpCommandExecutor.execute(HttpCommandExecutor.java:160)
at org.openqa.selenium.remote.service.DriverCommandExecutor.execute(DriverCommandExecutor.java:83)
at org.openqa.selenium.remote.RemoteWebDriver.execute(RemoteWebDriver.java:601)
at org.openqa.selenium.remote.RemoteWebElement.execute(RemoteWebElement.java:279)
at org.openqa.selenium.remote.RemoteWebElement.click(RemoteWebElement.java:83)
at org.openqa.selenium.support.events.EventFiringWebDriver$EventFiringWebElement.lambda$new$0(EventFiringWebDriver.java:368)
at com.sun.proxy.$Proxy20.click(Unknown Source)
at org.openqa.selenium.support.events.EventFiringWebDriver$EventFiringWebElement.click(EventFiringWebDriver.java:380)
at org.openqa.selenium.support.pagefactory.internal.LocatingElementHandler.invoke(LocatingElementHandler.java:51)
at com.sun.proxy.$Proxy18.click(Unknown Source)
at themis.Pages.MyWorkPage.reassignTask(MyWorkPage.java:526)
at TestCases.ISTrackOCDServicesAMTestCase.newCaseGeneration(ISTrackOCDServicesAMTestCase.java:156)
at java.base/java.util.ArrayList.forEach(ArrayList.java:1511)
... Removed 38 stack frames]]>
    </failure>
  </testcase> <!-- newCaseGeneration -->
  <testcase classname="TestCases.ISTrackOCDServicesAMTestCase" name="taskCompletion" time="0.0">
    <skipped/>
  </testcase> <!-- taskCompletion -->
  <testcase classname="TestCases.ISTrackOCDServicesAMTestCase" name="acceptanceIS" time="0.0">
    <skipped/>
  </testcase> <!-- acceptanceIS -->
</testsuite> <!-- Test6 -->
