<?xml version="1.0" encoding="UTF-8"?>
<!-- Generated by org.testng.reporters.JUnitXMLReporter -->
<testsuite hostname="EQ-EQ6330754" ignored="0" name="Test" tests="6" failures="4" timestamp="31 Jul 2020 10:24:34 GMT" time="1028.861" errors="0">
  <testcase name="taskCompletion" time="231.811" classname="TestCases.ISTrackOrderProcessingAMTestCase"/>
  <testcase name="checkRFS_RFBAndSRTMessageCheck" time="142.345" classname="TestCases.ISTrackOrderProcessingAMTestCase">
    <failure type="org.openqa.selenium.NoSuchElementException" message="Unable to locate element: //a[contains(.,&amp;apos;GOLD UAT&amp;apos;)]
For documentation on this error, please visit: http://seleniumhq.org/exceptions/no_such_element.html
Build info: version: &amp;apos;3.10.0&amp;apos;, revision: &amp;apos;176b4a9&amp;apos;, time: &amp;apos;2018-03-02T19:03:16.397Z&amp;apos;
System info: host: &amp;apos;EQ-EQ6330754&amp;apos;, ip: &amp;apos;10.238.170.14&amp;apos;, os.name: &amp;apos;Windows 10&amp;apos;, os.arch: &amp;apos;amd64&amp;apos;, os.version: &amp;apos;10.0&amp;apos;, java.version: &amp;apos;1.8.0_131&amp;apos;
Driver info: org.openqa.selenium.firefox.FirefoxDriver
Capabilities {acceptInsecureCerts: true, browserName: firefox, browserVersion: 68.11.0, javascriptEnabled: true, moz:accessibilityChecks: false, moz:buildID: 20200720181548, moz:geckodriverVersion: 0.24.0, moz:headless: false, moz:processID: 10408, moz:profile: C:\Users\MGHQ1353\AppData\L..., moz:shutdownTimeout: 60000, moz:useNonSpecCompliantPointerOrigin: false, moz:webdriverClick: true, pageLoadStrategy: normal, platform: WINDOWS, platformName: WINDOWS, platformVersion: 10.0, rotatable: false, setWindowRect: true, strictFileInteractability: false, timeouts: {implicit: 0, pageLoad: 300000, script: 30000}, unhandledPromptBehavior: dismiss and notify}
Session ID: 98222c01-f31c-4787-b18c-31a63bd7196c
*** Element info: {Using=xpath, value=//a[contains(.,&amp;apos;GOLD UAT&amp;apos;)]}">
      <![CDATA[org.openqa.selenium.NoSuchElementException: Unable to locate element: //a[contains(.,'GOLD UAT')]
For documentation on this error, please visit: http://seleniumhq.org/exceptions/no_such_element.html
Build info: version: '3.10.0', revision: '176b4a9', time: '2018-03-02T19:03:16.397Z'
System info: host: 'EQ-EQ6330754', ip: '10.238.170.14', os.name: 'Windows 10', os.arch: 'amd64', os.version: '10.0', java.version: '1.8.0_131'
Driver info: org.openqa.selenium.firefox.FirefoxDriver
Capabilities {acceptInsecureCerts: true, browserName: firefox, browserVersion: 68.11.0, javascriptEnabled: true, moz:accessibilityChecks: false, moz:buildID: 20200720181548, moz:geckodriverVersion: 0.24.0, moz:headless: false, moz:processID: 10408, moz:profile: C:\Users\MGHQ1353\AppData\L..., moz:shutdownTimeout: 60000, moz:useNonSpecCompliantPointerOrigin: false, moz:webdriverClick: true, pageLoadStrategy: normal, platform: WINDOWS, platformName: WINDOWS, platformVersion: 10.0, rotatable: false, setWindowRect: true, strictFileInteractability: false, timeouts: {implicit: 0, pageLoad: 300000, script: 30000}, unhandledPromptBehavior: dismiss and notify}
Session ID: 98222c01-f31c-4787-b18c-31a63bd7196c
*** Element info: {Using=xpath, value=//a[contains(.,'GOLD UAT')]}
at org.openqa.selenium.remote.http.W3CHttpResponseCodec.createException(W3CHttpResponseCodec.java:187)
at org.openqa.selenium.remote.http.W3CHttpResponseCodec.decode(W3CHttpResponseCodec.java:122)
at org.openqa.selenium.remote.http.W3CHttpResponseCodec.decode(W3CHttpResponseCodec.java:49)
at org.openqa.selenium.remote.HttpCommandExecutor.execute(HttpCommandExecutor.java:160)
at org.openqa.selenium.remote.service.DriverCommandExecutor.execute(DriverCommandExecutor.java:83)
at org.openqa.selenium.remote.RemoteWebDriver.execute(RemoteWebDriver.java:601)
at org.openqa.selenium.remote.RemoteWebDriver.findElement(RemoteWebDriver.java:371)
at org.openqa.selenium.remote.RemoteWebDriver.findElementByXPath(RemoteWebDriver.java:473)
at org.openqa.selenium.By$ByXPath.findElement(By.java:361)
at org.openqa.selenium.remote.RemoteWebDriver.findElement(RemoteWebDriver.java:363)
at org.openqa.selenium.support.events.EventFiringWebDriver.lambda$new$1(EventFiringWebDriver.java:103)
at com.sun.proxy.$Proxy10.findElement(Unknown Source)
at org.openqa.selenium.support.events.EventFiringWebDriver.findElement(EventFiringWebDriver.java:186)
at org.openqa.selenium.support.pagefactory.DefaultElementLocator.findElement(DefaultElementLocator.java:69)
at org.openqa.selenium.support.pagefactory.internal.LocatingElementHandler.invoke(LocatingElementHandler.java:38)
at com.sun.proxy.$Proxy14.click(Unknown Source)
at themis.Pages.GuardianHomePage.launch_ApplicationFromGuardian(GuardianHomePage.java:50)
at TestCases.ISTrackOrderProcessingAMTestCase.checkRFS_RFBAndSRTMessageCheck(ISTrackOrderProcessingAMTestCase.java:214)
... Removed 32 stack frames]]>
    </failure>
  </testcase> <!-- checkRFS_RFBAndSRTMessageCheck -->
  <testcase name="billingSupervisor" time="428.423" classname="TestCases.ISTrackOrderProcessingAMTestCase">
    <failure type="org.openqa.selenium.TimeoutException" message="Expected condition failed: waiting for visibility of Proxy element for: DefaultElementLocator &amp;apos;By.xpath: (//input[@type=&amp;apos;checkbox&amp;apos;])[2]&amp;apos; (tried for 10 second(s) with 500 milliseconds interval)">
      <![CDATA[org.openqa.selenium.TimeoutException: Expected condition failed: waiting for visibility of Proxy element for: DefaultElementLocator 'By.xpath: (//input[@type='checkbox'])[2]' (tried for 10 second(s) with 500 milliseconds interval)
at org.openqa.selenium.support.ui.WebDriverWait.timeoutException(WebDriverWait.java:82)
at org.openqa.selenium.support.ui.FluentWait.until(FluentWait.java:272)
at themis.Util.WaitHelper.waitForElement(WaitHelper.java:103)
at themis.Pages.MyGroupPage.assign(MyGroupPage.java:197)
at TestCases.ISTrackOrderProcessingAMTestCase.billingSupervisor(ISTrackOrderProcessingAMTestCase.java:231)
Caused by: org.openqa.selenium.NoSuchElementException: Unable to locate element: (//input[@type='checkbox'])[2]
For documentation on this error, please visit: http://seleniumhq.org/exceptions/no_such_element.html
Build info: version: '3.10.0', revision: '176b4a9', time: '2018-03-02T19:03:16.397Z'
System info: host: 'EQ-EQ6330754', ip: '10.238.170.14', os.name: 'Windows 10', os.arch: 'amd64', os.version: '10.0', java.version: '1.8.0_131'
Driver info: org.openqa.selenium.firefox.FirefoxDriver
Capabilities {acceptInsecureCerts: true, browserName: firefox, browserVersion: 68.11.0, javascriptEnabled: true, moz:accessibilityChecks: false, moz:buildID: 20200720181548, moz:geckodriverVersion: 0.24.0, moz:headless: false, moz:processID: 16316, moz:profile: C:\Users\MGHQ1353\AppData\L..., moz:shutdownTimeout: 60000, moz:useNonSpecCompliantPointerOrigin: false, moz:webdriverClick: true, pageLoadStrategy: normal, platform: WINDOWS, platformName: WINDOWS, platformVersion: 10.0, rotatable: false, setWindowRect: true, strictFileInteractability: false, timeouts: {implicit: 0, pageLoad: 300000, script: 30000}, unhandledPromptBehavior: dismiss and notify}
Session ID: 1ee26023-5758-4fb8-bd0e-57c09dd9e6dc
*** Element info: {Using=xpath, value=(//input[@type='checkbox'])[2]}
at org.openqa.selenium.remote.http.W3CHttpResponseCodec.createException(W3CHttpResponseCodec.java:187)
at org.openqa.selenium.remote.http.W3CHttpResponseCodec.decode(W3CHttpResponseCodec.java:122)
at org.openqa.selenium.remote.http.W3CHttpResponseCodec.decode(W3CHttpResponseCodec.java:49)
at org.openqa.selenium.remote.HttpCommandExecutor.execute(HttpCommandExecutor.java:160)
at org.openqa.selenium.remote.service.DriverCommandExecutor.execute(DriverCommandExecutor.java:83)
at org.openqa.selenium.remote.RemoteWebDriver.execute(RemoteWebDriver.java:601)
at org.openqa.selenium.remote.RemoteWebDriver.findElement(RemoteWebDriver.java:371)
at org.openqa.selenium.remote.RemoteWebDriver.findElementByXPath(RemoteWebDriver.java:473)
at org.openqa.selenium.By$ByXPath.findElement(By.java:361)
at org.openqa.selenium.remote.RemoteWebDriver.findElement(RemoteWebDriver.java:363)
at org.openqa.selenium.support.events.EventFiringWebDriver.lambda$new$1(EventFiringWebDriver.java:103)
at com.sun.proxy.$Proxy10.findElement(Unknown Source)
at org.openqa.selenium.support.events.EventFiringWebDriver.findElement(EventFiringWebDriver.java:186)
at org.openqa.selenium.support.pagefactory.DefaultElementLocator.findElement(DefaultElementLocator.java:69)
at org.openqa.selenium.support.pagefactory.internal.LocatingElementHandler.invoke(LocatingElementHandler.java:38)
at com.sun.proxy.$Proxy14.isDisplayed(Unknown Source)
at org.openqa.selenium.support.ui.ExpectedConditions.elementIfVisible(ExpectedConditions.java:315)
at org.openqa.selenium.support.ui.ExpectedConditions.access$100(ExpectedConditions.java:44)
at org.openqa.selenium.support.ui.ExpectedConditions$10.apply(ExpectedConditions.java:301)
at org.openqa.selenium.support.ui.ExpectedConditions$10.apply(ExpectedConditions.java:298)
at org.openqa.selenium.support.ui.FluentWait.until(FluentWait.java:249)
... 28 more
... Removed 32 stack frames]]>
    </failure>
  </testcase> <!-- billingSupervisor -->
  <testcase name="billingUser1" time="9.45" classname="TestCases.ISTrackOrderProcessingAMTestCase">
    <failure type="java.lang.AssertionError" message="expected [Task Status] but found [null]">
      <![CDATA[java.lang.AssertionError: expected [Task Status] but found [null]
at themis.Pages.MyWorkPage.compareColumnNamesMyWork_BillingUser1(MyWorkPage.java:446)
at TestCases.ISTrackOrderProcessingAMTestCase.billingUser1(ISTrackOrderProcessingAMTestCase.java:242)
... Removed 31 stack frames]]>
    </failure>
  </testcase> <!-- billingUser1 -->
  <testcase name="checkCompletedTasks" time="80.542" classname="TestCases.ISTrackOrderProcessingAMTestCase">
    <failure type="java.lang.AssertionError" message="expected [Completed] but found [New]">
      <![CDATA[java.lang.AssertionError: expected [Completed] but found [New]
at themis.Pages.TaskCompletionPage.checkCloseTasks(TaskCompletionPage.java:622)
at TestCases.ISTrackOrderProcessingAMTestCase.checkCompletedTasks(ISTrackOrderProcessingAMTestCase.java:253)
... Removed 31 stack frames]]>
    </failure>
  </testcase> <!-- checkCompletedTasks -->
  <testcase name="checkGoldOrderAcceptanceStatus" time="72.449" classname="TestCases.ISTrackOrderProcessingAMTestCase"/>
</testsuite> <!-- Test -->
