<?xml version="1.0" encoding="UTF-8"?>
<!-- Generated by org.testng.reporters.JUnitXMLReporter -->
<testsuite ignored="0" hostname="KhagendraP-LP" failures="1" tests="2" name="Test3" time="5.665" errors="0" timestamp="06 May 2021 05:05:26 GMT">
  <testcase classname="TestCases_Production.ISTrackOrderProcessingProductionTestCase" name="@BeforeMethod Init" time="5.357">
    <failure type="org.openqa.selenium.WebDriverException" message="permission denied
Build info: version: &amp;apos;3.10.0&amp;apos;, revision: &amp;apos;176b4a9&amp;apos;, time: &amp;apos;2018-03-02T19:03:16.397Z&amp;apos;
System info: host: &amp;apos;KHAGENDRAP-LP&amp;apos;, ip: &amp;apos;10.225.2.82&amp;apos;, os.name: &amp;apos;Windows 10&amp;apos;, os.arch: &amp;apos;amd64&amp;apos;, os.version: &amp;apos;10.0&amp;apos;, java.version: &amp;apos;15.0.2&amp;apos;
Driver info: driver.version: FirefoxDriver
remote stacktrace: ">
      <![CDATA[org.openqa.selenium.WebDriverException: permission deniedBuild info: version: '3.10.0', revision: '176b4a9', time: '2018-03-02T19:03:16.397Z'System info: host: 'KHAGENDRAP-LP', ip: '10.225.2.82', os.name: 'Windows 10', os.arch: 'amd64', os.version: '10.0', java.version: '15.0.2'Driver info: driver.version: FirefoxDriverremote stacktrace: at org.openqa.selenium.remote.W3CHandshakeResponse.lambda$new$0(W3CHandshakeResponse.java:57)at org.openqa.selenium.remote.W3CHandshakeResponse.lambda$getResponseFunction$2(W3CHandshakeResponse.java:104)at org.openqa.selenium.remote.ProtocolHandshake.lambda$createSession$0(ProtocolHandshake.java:123)at java.base/java.util.stream.ReferencePipeline$3$1.accept(ReferencePipeline.java:195)at java.base/java.util.Spliterators$ArraySpliterator.tryAdvance(Spliterators.java:958)at java.base/java.util.stream.ReferencePipeline.forEachWithCancel(ReferencePipeline.java:127)at java.base/java.util.stream.AbstractPipeline.copyIntoWithCancel(AbstractPipeline.java:502)at java.base/java.util.stream.AbstractPipeline.copyInto(AbstractPipeline.java:488)at java.base/java.util.stream.AbstractPipeline.wrapAndCopyInto(AbstractPipeline.java:474)at java.base/java.util.stream.FindOps$FindOp.evaluateSequential(FindOps.java:150)at java.base/java.util.stream.AbstractPipeline.evaluate(AbstractPipeline.java:234)at java.base/java.util.stream.ReferencePipeline.findFirst(ReferencePipeline.java:543)at org.openqa.selenium.remote.ProtocolHandshake.createSession(ProtocolHandshake.java:126)at org.openqa.selenium.remote.ProtocolHandshake.createSession(ProtocolHandshake.java:73)at org.openqa.selenium.remote.HttpCommandExecutor.execute(HttpCommandExecutor.java:138)at org.openqa.selenium.remote.service.DriverCommandExecutor.execute(DriverCommandExecutor.java:83)at org.openqa.selenium.remote.RemoteWebDriver.execute(RemoteWebDriver.java:601)at org.openqa.selenium.remote.RemoteWebDriver.startSession(RemoteWebDriver.java:219)at org.openqa.selenium.remote.RemoteWebDriver.<init>(RemoteWebDriver.java:142)at org.openqa.selenium.firefox.FirefoxDriver.<init>(FirefoxDriver.java:120)at org.openqa.selenium.firefox.FirefoxDriver.<init>(FirefoxDriver.java:106)at themis.TestBase.TestBase.initialization(TestBase.java:140)at TestCases_Production.ISTrackOrderProcessingProductionTestCase.Init(ISTrackOrderProcessingProductionTestCase.java:86)... Removed 37 stack frames]]>
    </failure>
  </testcase> <!-- @BeforeMethod Init -->
  <testcase classname="TestCases_Production.ISTrackOrderProcessingProductionTestCase" name="newCaseGeneration" time="0.0">
    <skipped/>
  </testcase> <!-- newCaseGeneration -->
  <testcase classname="TestCases_Production.ISTrackOrderProcessingProductionTestCase" name="newCaseGeneration" time="5.645">
    <failure type="java.lang.NullPointerException" message="Cannot invoke &amp;quot;com.relevantcodes.extentreports.ExtentTest.log(com.relevantcodes.extentreports.LogStatus, String)&amp;quot; because the return value of &amp;quot;themis.Report.ExtentTestManager.getTest()&amp;quot; is null">
      <![CDATA[java.lang.NullPointerException: Cannot invoke "com.relevantcodes.extentreports.ExtentTest.log(com.relevantcodes.extentreports.LogStatus, String)" because the return value of "themis.Report.ExtentTestManager.getTest()" is nullat themis.Report.TestListener.onTestSkipped(TestListener.java:104)... Removed 27 stack frames]]>
    </failure>
  </testcase> <!-- newCaseGeneration -->
</testsuite> <!-- Test3 -->
